platforms/android/unityLibrary/build/intermediates/manifest_merge_blame_file/debug/manifest-merger-blame-debug-report.txt
1<?xml version="1.0" encoding="utf-8"?>
2<!-- GENERATED BY UNITY. REMOVE THIS COMMENT TO PREVENT OVERWRITING WHEN EXPORTING AGAIN -->
3<manifest xmlns:android="http://schemas.android.com/apk/res/android"
4    xmlns:tools="http://schemas.android.com/tools"
5    package="com.unity3d.player" >
6
7    <uses-sdk
8        android:minSdkVersion="22"
8-->src\main\AndroidManifest.xml
9        android:targetSdkVersion="29" />
9-->src\main\AndroidManifest.xml
10
11    <uses-feature android:glEsVersion="0x00030000" />
11-->src\main\AndroidManifest.xml:18:3-52
11-->src\main\AndroidManifest.xml:18:17-49
12    <uses-feature
12-->src\main\AndroidManifest.xml:19:3-91
13        android:name="android.hardware.vulkan.version"
13-->src\main\AndroidManifest.xml:19:17-63
14        android:required="false" />
14-->src\main\AndroidManifest.xml:19:64-88
15
16    <uses-permission android:name="android.permission.INTERNET" />
16-->src\main\AndroidManifest.xml:20:3-65
16-->src\main\AndroidManifest.xml:20:20-62
17
18    <uses-feature
18-->src\main\AndroidManifest.xml:21:3-88
19        android:name="android.hardware.touchscreen"
19-->src\main\AndroidManifest.xml:21:17-60
20        android:required="false" />
20-->src\main\AndroidManifest.xml:21:61-85
21    <uses-feature
21-->src\main\AndroidManifest.xml:22:3-99
22        android:name="android.hardware.touchscreen.multitouch"
22-->src\main\AndroidManifest.xml:22:17-71
23        android:required="false" />
23-->src\main\AndroidManifest.xml:22:72-96
24    <uses-feature
24-->src\main\AndroidManifest.xml:23:3-108
25        android:name="android.hardware.touchscreen.multitouch.distinct"
25-->src\main\AndroidManifest.xml:23:17-80
26        android:required="false" />
26-->src\main\AndroidManifest.xml:23:81-105
27
28    <application>
28-->src\main\AndroidManifest.xml:4:3-17:17
29        <activity
29-->src\main\AndroidManifest.xml:5:5-12:16
30            android:name="com.unity3d.player.UnityPlayerActivity"
30-->src\main\AndroidManifest.xml:5:15-68
31            android:configChanges="mcc|mnc|locale|touchscreen|keyboard|keyboardHidden|navigation|orientation|screenLayout|uiMode|screenSize|smallestScreenSize|fontScale|layoutDirection|density"
31-->src\main\AndroidManifest.xml:5:188-369
32            android:hardwareAccelerated="false"
32-->src\main\AndroidManifest.xml:5:370-405
33            android:launchMode="singleTask"
33-->src\main\AndroidManifest.xml:5:156-187
34            android:screenOrientation="reverseLandscape"
34-->src\main\AndroidManifest.xml:5:111-155
35            android:theme="@style/UnityThemeSelector" >
35-->src\main\AndroidManifest.xml:5:69-110
36            <intent-filter>
36-->src\main\AndroidManifest.xml:6:7-9:23
37                <action android:name="android.intent.action.MAIN" />
37-->src\main\AndroidManifest.xml:7:9-61
37-->src\main\AndroidManifest.xml:7:17-58
38                <!-- <category android:name="android.intent.category.LAUNCHER" /> -->
39            </intent-filter>
40
41            <meta-data
41-->src\main\AndroidManifest.xml:10:7-82
42                android:name="unityplayer.UnityActivity"
42-->src\main\AndroidManifest.xml:10:18-58
43                android:value="true" />
43-->src\main\AndroidManifest.xml:10:59-79
44            <meta-data
44-->src\main\AndroidManifest.xml:11:7-78
45                android:name="android.notch_support"
45-->src\main\AndroidManifest.xml:11:18-54
46                android:value="true" />
46-->src\main\AndroidManifest.xml:11:55-75
47        </activity>
48
49        <meta-data
49-->src\main\AndroidManifest.xml:13:5-69
50            android:name="unity.splash-mode"
50-->src\main\AndroidManifest.xml:13:16-48
51            android:value="0" />
51-->src\main\AndroidManifest.xml:13:49-66
52        <meta-data
52-->src\main\AndroidManifest.xml:14:5-74
53            android:name="unity.splash-enable"
53-->src\main\AndroidManifest.xml:14:16-50
54            android:value="True" />
54-->src\main\AndroidManifest.xml:14:51-71
55        <meta-data
55-->src\main\AndroidManifest.xml:15:5-81
56            android:name="notch.config"
56-->src\main\AndroidManifest.xml:15:16-43
57            android:value="portrait|landscape" />
57-->src\main\AndroidManifest.xml:15:44-78
58        <meta-data
58-->src\main\AndroidManifest.xml:16:5-101
59            android:name="unity.build-id"
59-->src\main\AndroidManifest.xml:16:16-45
60            android:value="ad992705-2cc1-46b2-b77b-1b28538821a9" />
60-->src\main\AndroidManifest.xml:16:46-98
61    </application>
62
63</manifest>